<?xml version="1.0" encoding="UTF-8"?>
<testng-results skipped="0" failed="0" ignored="0" total="2" passed="2">
  <reporter-output>
  </reporter-output>
  <suite name="Default suite" duration-ms="131" started-at="2017-12-03T18:18:18Z" finished-at="2017-12-03T18:18:19Z">
    <groups>
    </groups>
    <test name="Default test" duration-ms="131" started-at="2017-12-03T18:18:18Z" finished-at="2017-12-03T18:18:19Z">
      <class name="JavaPrograms.JavaPrograms.Swapping_Strings">
        <test-method status="PASS" signature="method1()[pri:1, instance:JavaPrograms.JavaPrograms.Swapping_Strings@7921b0a2]" name="method1" duration-ms="37" started-at="2017-12-03T18:18:18Z" finished-at="2017-12-03T18:18:19Z">
          <reporter-output>
          </reporter-output>
        </test-method> <!-- method1 -->
        <test-method status="PASS" signature="method2()[pri:2, instance:JavaPrograms.JavaPrograms.Swapping_Strings@7921b0a2]" name="method2" duration-ms="11" started-at="2017-12-03T18:18:19Z" finished-at="2017-12-03T18:18:19Z">
          <reporter-output>
          </reporter-output>
        </test-method> <!-- method2 -->
      </class> <!-- JavaPrograms.JavaPrograms.Swapping_Strings -->
    </test> <!-- Default test -->
  </suite> <!-- Default suite -->
</testng-results>
